<?xml version="1.0" encoding="UTF-8" ?>
<testsuite tests="13" failures="0" name="feature.book.BookSearchTest" time="0.016" errors="0" skipped="4">
  <properties>
    <property name="java.runtime.name" value="Java(TM) SE Runtime Environment"/>
    <property name="sun.boot.library.path" value="/Library/Java/JavaVirtualMachines/jdk1.8.0_151.jdk/Contents/Home/jre/lib"/>
    <property name="java.vm.version" value="25.151-b12"/>
    <property name="gopherProxySet" value="false"/>
    <property name="java.vm.vendor" value="Oracle Corporation"/>
    <property name="maven.multiModuleProjectDirectory" value="/Users/spra37/Documents/devops_dashboard/cucumber-test"/>
    <property name="java.vendor.url" value="http://java.oracle.com/"/>
    <property name="path.separator" value=":"/>
    <property name="guice.disable.misplaced.annotation.check" value="true"/>
    <property name="java.vm.name" value="Java HotSpot(TM) 64-Bit Server VM"/>
    <property name="file.encoding.pkg" value="sun.io"/>
    <property name="user.country" value="US"/>
    <property name="sun.java.launcher" value="SUN_STANDARD"/>
    <property name="sun.os.patch.level" value="unknown"/>
    <property name="java.vm.specification.name" value="Java Virtual Machine Specification"/>
    <property name="user.dir" value="/Users/spra37/Documents/devops_dashboard/cucumber-test"/>
    <property name="java.runtime.version" value="1.8.0_151-b12"/>
    <property name="java.awt.graphicsenv" value="sun.awt.CGraphicsEnvironment"/>
    <property name="java.endorsed.dirs" value="/Library/Java/JavaVirtualMachines/jdk1.8.0_151.jdk/Contents/Home/jre/lib/endorsed"/>
    <property name="os.arch" value="x86_64"/>
    <property name="java.io.tmpdir" value="/var/folders/vt/g93d0nz96msgbk1gfrk0ccksg9x4dm/T/"/>
    <property name="line.separator" value="
"/>
    <property name="java.vm.specification.vendor" value="Oracle Corporation"/>
    <property name="os.name" value="Mac OS X"/>
    <property name="classworlds.conf" value="/usr/local/Cellar/maven/3.5.2/libexec/bin/m2.conf"/>
    <property name="sun.jnu.encoding" value="UTF-8"/>
    <property name="java.library.path" value="/Users/spra37/Library/Java/Extensions:/Library/Java/Extensions:/Network/Library/Java/Extensions:/System/Library/Java/Extensions:/usr/lib/java:."/>
    <property name="maven.conf" value="/usr/local/Cellar/maven/3.5.2/libexec/conf"/>
    <property name="java.specification.name" value="Java Platform API Specification"/>
    <property name="java.class.version" value="52.0"/>
    <property name="sun.management.compiler" value="HotSpot 64-Bit Tiered Compilers"/>
    <property name="os.version" value="10.12.6"/>
    <property name="library.jansi.path" value="/usr/local/Cellar/maven/3.5.2/libexec/lib/jansi-native"/>
    <property name="http.nonProxyHosts" value="local|*.local|169.254/16|*.169.254/16"/>
    <property name="user.home" value="/Users/spra37"/>
    <property name="user.timezone" value="Europe/London"/>
    <property name="java.awt.printerjob" value="sun.lwawt.macosx.CPrinterJob"/>
    <property name="java.specification.version" value="1.8"/>
    <property name="file.encoding" value="UTF-8"/>
    <property name="user.name" value="spra37"/>
    <property name="java.class.path" value="/usr/local/Cellar/maven/3.5.2/libexec/boot/plexus-classworlds-2.5.2.jar"/>
    <property name="java.vm.specification.version" value="1.8"/>
    <property name="sun.arch.data.model" value="64"/>
    <property name="java.home" value="/Library/Java/JavaVirtualMachines/jdk1.8.0_151.jdk/Contents/Home/jre"/>
    <property name="sun.java.command" value="org.codehaus.plexus.classworlds.launcher.Launcher clean install"/>
    <property name="java.specification.vendor" value="Oracle Corporation"/>
    <property name="user.language" value="en"/>
    <property name="awt.toolkit" value="sun.lwawt.macosx.LWCToolkit"/>
    <property name="java.vm.info" value="mixed mode"/>
    <property name="java.version" value="1.8.0_151"/>
    <property name="java.ext.dirs" value="/Users/spra37/Library/Java/Extensions:/Library/Java/JavaVirtualMachines/jdk1.8.0_151.jdk/Contents/Home/jre/lib/ext:/Library/Java/Extensions:/Network/Library/Java/Extensions:/System/Library/Java/Extensions:/usr/lib/java"/>
    <property name="sun.boot.class.path" value="/Library/Java/JavaVirtualMachines/jdk1.8.0_151.jdk/Contents/Home/jre/lib/resources.jar:/Library/Java/JavaVirtualMachines/jdk1.8.0_151.jdk/Contents/Home/jre/lib/rt.jar:/Library/Java/JavaVirtualMachines/jdk1.8.0_151.jdk/Contents/Home/jre/lib/sunrsasign.jar:/Library/Java/JavaVirtualMachines/jdk1.8.0_151.jdk/Contents/Home/jre/lib/jsse.jar:/Library/Java/JavaVirtualMachines/jdk1.8.0_151.jdk/Contents/Home/jre/lib/jce.jar:/Library/Java/JavaVirtualMachines/jdk1.8.0_151.jdk/Contents/Home/jre/lib/charsets.jar:/Library/Java/JavaVirtualMachines/jdk1.8.0_151.jdk/Contents/Home/jre/lib/jfr.jar:/Library/Java/JavaVirtualMachines/jdk1.8.0_151.jdk/Contents/Home/jre/classes"/>
    <property name="java.vendor" value="Oracle Corporation"/>
    <property name="maven.home" value="/usr/local/Cellar/maven/3.5.2/libexec"/>
    <property name="file.separator" value="/"/>
    <property name="java.vendor.url.bug" value="http://bugreport.sun.com/bugreport/"/>
    <property name="sun.cpu.endian" value="little"/>
    <property name="sun.io.unicode.encoding" value="UnicodeBig"/>
    <property name="socksNonProxyHosts" value="local|*.local|169.254/16|*.169.254/16"/>
    <property name="ftp.nonProxyHosts" value="local|*.local|169.254/16|*.169.254/16"/>
    <property name="sun.cpu.isalist" value=""/>
  </properties>
  <testcase classname="Scenario: Search books by publication year" name="Given a book with the title &apos;One good book&apos;, written by &apos;Anonymous&apos;, published in 14 March 2013" time="0.001"/>
  <testcase classname="Scenario: Search books by publication year" name="And another book with the title &apos;Some other book&apos;, written by &apos;Tim Tomson&apos;, published in 23 August 2014" time="0"/>
  <testcase classname="Scenario: Search books by publication year" name="And another book with the title &apos;How to cook a dino&apos;, written by &apos;Fred Flintstone&apos;, published in 01 January 2012" time="0"/>
  <testcase classname="Scenario: Search books by publication year" name="When the customer searches for books published between 2013 and 2014" time="0"/>
  <testcase classname="Scenario: Search books by publication year" name="Then 2 books should have been found" time="0"/>
  <testcase classname="Scenario: Search books by publication year" name="And Book 1 should have the title &apos;Some other book&apos;" time="0"/>
  <testcase classname="Scenario: Search books by publication year" name="And Book 2 should have the title &apos;One good book&apos;" time="0"/>
  <testcase classname="Scenario: Search books by publication year" name="Scenario: Search books by publication year" time="0.001"/>
  <testcase classname="Scenario: Modify an employee&apos;s salary" name="Given the salary management system is initialized with the following data" time="0.002">
    <skipped/>
    <system-out>
  Scenario: Search books by publication year                                                                         &amp;#27;[90m# book/search_book.feature:4&amp;#27;[0m
    &amp;#27;[32mGiven &amp;#27;[0m&amp;#27;[32ma book with the title &apos;&amp;#27;[0m&amp;#27;[32m&amp;#27;[1mOne good book&amp;#27;[0m&amp;#27;[32m&apos;, written by &apos;&amp;#27;[0m&amp;#27;[32m&amp;#27;[1mAnonymous&amp;#27;[0m&amp;#27;[32m&apos;, published in &amp;#27;[0m&amp;#27;[32m&amp;#27;[1m14 March 2013&amp;#27;[0m                  &amp;#27;[90m# BookSearchSteps.addNewBook(String,String,Date)&amp;#27;[0m
    &amp;#27;[32mAnd &amp;#27;[0m&amp;#27;[32manother book with the title &apos;&amp;#27;[0m&amp;#27;[32m&amp;#27;[1mSome other book&amp;#27;[0m&amp;#27;[32m&apos;, written by &apos;&amp;#27;[0m&amp;#27;[32m&amp;#27;[1mTim Tomson&amp;#27;[0m&amp;#27;[32m&apos;, published in &amp;#27;[0m&amp;#27;[32m&amp;#27;[1m23 August 2014&amp;#27;[0m          &amp;#27;[90m# BookSearchSteps.addNewBook(String,String,Date)&amp;#27;[0m
    &amp;#27;[32mAnd &amp;#27;[0m&amp;#27;[32manother book with the title &apos;&amp;#27;[0m&amp;#27;[32m&amp;#27;[1mHow to cook a dino&amp;#27;[0m&amp;#27;[32m&apos;, written by &apos;&amp;#27;[0m&amp;#27;[32m&amp;#27;[1mFred Flintstone&amp;#27;[0m&amp;#27;[32m&apos;, published in &amp;#27;[0m&amp;#27;[32m&amp;#27;[1m01 January 2012&amp;#27;[0m &amp;#27;[90m# BookSearchSteps.addNewBook(String,String,Date)&amp;#27;[0m
    &amp;#27;[32mWhen &amp;#27;[0m&amp;#27;[32mthe customer searches for books published between &amp;#27;[0m&amp;#27;[32m&amp;#27;[1m2013&amp;#27;[0m&amp;#27;[32m and &amp;#27;[0m&amp;#27;[32m&amp;#27;[1m2014&amp;#27;[0m                                             &amp;#27;[90m# BookSearchSteps.setSearchParameters(Date,Date)&amp;#27;[0m
    &amp;#27;[32mThen &amp;#27;[0m&amp;#27;[32m&amp;#27;[0m&amp;#27;[32m&amp;#27;[1m2&amp;#27;[0m&amp;#27;[32m books should have been found&amp;#27;[0m                                                                              &amp;#27;[90m# BookSearchSteps.verifyAmountOfBooksFound(int)&amp;#27;[0m
    &amp;#27;[32mAnd &amp;#27;[0m&amp;#27;[32mBook &amp;#27;[0m&amp;#27;[32m&amp;#27;[1m1&amp;#27;[0m&amp;#27;[32m should have the title &apos;&amp;#27;[0m&amp;#27;[32m&amp;#27;[1mSome other book&amp;#27;[0m&amp;#27;[32m&apos;&amp;#27;[0m                                                               &amp;#27;[90m# BookSearchSteps.verifyBookAtPosition(int,String)&amp;#27;[0m
    &amp;#27;[32mAnd &amp;#27;[0m&amp;#27;[32mBook &amp;#27;[0m&amp;#27;[32m&amp;#27;[1m2&amp;#27;[0m&amp;#27;[32m should have the title &apos;&amp;#27;[0m&amp;#27;[32m&amp;#27;[1mOne good book&amp;#27;[0m&amp;#27;[32m&apos;&amp;#27;[0m                                                                 &amp;#27;[90m# BookSearchSteps.verifyBookAtPosition(int,String)&amp;#27;[0m
Feature: Salary Management
</system-out>
  </testcase>
  <testcase classname="Scenario: Modify an employee&apos;s salary" name="When the boss increases the salary for the employee with id &apos;3&apos; by 5%" time="0.003">
    <skipped/>
  </testcase>
  <testcase classname="Scenario: Modify an employee&apos;s salary" name="Then the payroll for the employee with id &apos;3&apos; should display a salary of 57750" time="0.003">
    <skipped/>
  </testcase>
  <testcase classname="Scenario: Modify an employee&apos;s salary" name="Scenario: Modify an employee&apos;s salary" time="0.003">
    <skipped/>
  </testcase>
  <testcase classname="Scenario: Modify an employee&apos;s salary" name="Scenario: Modify an employee&apos;s salary" time="0.003"/>
</testsuite>